Arguments: 
  /usr/local/bin/node /Users/macbookair/.npm-global/bin/yarn start

PATH: 
  /Users/macbookair/.npm-global/bin:/Users/macbookair/.rbenv/shims:/Users/macbookair/arc/arcanist/bin:/Applications/Postgres.app/contents/versions/10/bin:/usr/local/bin:/usr/bin:/bin:/usr/sbin:/sbin//usr/local/bin:/usr/bin:/bin:/usr/sbin:/sbin:/Users/macbookair/.rbenv/shims:/Users/macbookair/.rbenv/bin:/usr/local/opt/llvm/bin:/Users/macbookair/usr/local/bin

Yarn version: 
  1.5.1

Node version: 
  8.11.1

Platform: 
  darwin x64

npm manifest: 
  {
    "name": "create-repack-app",
    "version": "1.0.0",
    "scripts": {
      "build": "cd client && npm install --only=dev && npm install && npm run build && cd ..",
      "deploy": "cp -a client/build/. public/",
      "heroku-postbuild": "npm run build && npm run deploy && echo 'Client Built'"
    },
    "keywords": [],
    "author": "",
    "license": "ISC",
    "dependencies": {}
  }

yarn manifest: 
  No manifest

Lockfile: 
  No lockfile

Trace: 
  Error: Command "start" not found.
      at new MessageError (/Users/macbookair/.npm-global/lib/node_modules/yarn/lib/cli.js:186:110)
      at /Users/macbookair/.npm-global/lib/node_modules/yarn/lib/cli.js:87307:17
      at Generator.next (<anonymous>)
      at step (/Users/macbookair/.npm-global/lib/node_modules/yarn/lib/cli.js:98:30)
      at /Users/macbookair/.npm-global/lib/node_modules/yarn/lib/cli.js:116:14
      at new Promise (<anonymous>)
      at new F (/Users/macbookair/.npm-global/lib/node_modules/yarn/lib/cli.js:23451:28)
      at /Users/macbookair/.npm-global/lib/node_modules/yarn/lib/cli.js:95:12
      at runCommand (/Users/macbookair/.npm-global/lib/node_modules/yarn/lib/cli.js:87312:22)
      at Object.<anonymous> (/Users/macbookair/.npm-global/lib/node_modules/yarn/lib/cli.js:87412:14)
